

Microchip Technology PIC LITE Macro Assembler V1.44 build -154322312 
                                                                                               Sat Dec 16 14:07:10 2017

Microchip Technology Omniscient Code Generator v1.44 (Free mode) build 201709140600
     1                           	processor	16F887
     2                           	opt	pw 120
     3                           	opt	lm
     4                           	psect	cinit,global,class=CODE,merge=1,delta=2
     5                           	psect	cstackCOMMON,global,class=COMMON,space=1,delta=1
     6                           	psect	maintext,global,class=CODE,split=1,delta=2
     7                           	psect	text1,local,class=CODE,merge=1,delta=2
     8                           	psect	intentry,global,class=CODE,delta=2
     9                           	dabs	1,0x7E,2
    10  0000                     
    11                           ; Version 1.44
    12                           ; Generated 14/09/2017 GMT
    13                           ; 
    14                           ; Copyright © 2017, Microchip Technology Inc. and its subsidiaries ("Microchip")
    15                           ; All rights reserved.
    16                           ; 
    17                           ; This software is developed by Microchip Technology Inc. and its subsidiaries ("Microch
      +                          ip").
    18                           ; 
    19                           ; Redistribution and use in source and binary forms, with or without modification, are
    20                           ; permitted provided that the following conditions are met:
    21                           ; 
    22                           ;     1. Redistributions of source code must retain the above copyright notice, this lis
      +                          t of
    23                           ;        conditions and the following disclaimer.
    24                           ; 
    25                           ;     2. Redistributions in binary form must reproduce the above copyright notice, this 
      +                          list
    26                           ;        of conditions and the following disclaimer in the documentation and/or other
    27                           ;        materials provided with the distribution.
    28                           ; 
    29                           ;     3. Microchip's name may not be used to endorse or promote products derived from th
      +                          is
    30                           ;        software without specific prior written permission.
    31                           ; 
    32                           ; THIS SOFTWARE IS PROVIDED BY MICROCHIP "AS IS" AND ANY EXPRESS OR IMPLIED WARRANTIES,
    33                           ; INCLUDING, BUT NOT LIMITED TO, THE IMPLIED WARRANTIES OF MERCHANTABILITY AND FITNESS F
      +                          OR
    34                           ; PURPOSE ARE DISCLAIMED.  IN NO EVENT SHALL MICROCHIP BE LIABLE FOR ANY DIRECT, INDIREC
      +                          T,
    35                           ; INCIDENTAL, SPECIAL, EXEMPLARY, OR CONSEQUENTIAL DAMAGES (INCLUDING BUT NOT LIMITED TO
    36                           ; PROCUREMENT OF SUBSTITUTE GOODS OR SERVICES; LOSS OF USE, DATA OR PROFITS; OR BUSINESS
    37                           ; INTERRUPTION) HOWSOEVER CAUSED AND ON ANY THEORY OF LIABILITY, WHETHER IN CONTRACT, ST
      +                          RICT
    38                           ; LIABILITY, OR TORT (INCLUDING NEGLIGENCE OR OTHERWISE) ARISING IN ANY WAY OUT OF THE U
      +                          SE OF
    39                           ; THIS SOFTWARE, EVEN IF ADVISED OF THE POSSIBILITY OF SUCH DAMAGE.
    40                           ; 
    41                           ; 
    42                           ; Code-generator required, PIC16F887 Definitions
    43                           ; 
    44                           ; SFR Addresses
    45  0000                     	;# 
    46  0001                     	;# 
    47  0002                     	;# 
    48  0003                     	;# 
    49  0004                     	;# 
    50  0005                     	;# 
    51  0006                     	;# 
    52  0007                     	;# 
    53  0008                     	;# 
    54  0009                     	;# 
    55  000A                     	;# 
    56  000B                     	;# 
    57  000C                     	;# 
    58  000D                     	;# 
    59  000E                     	;# 
    60  000E                     	;# 
    61  000F                     	;# 
    62  0010                     	;# 
    63  0011                     	;# 
    64  0012                     	;# 
    65  0013                     	;# 
    66  0014                     	;# 
    67  0015                     	;# 
    68  0015                     	;# 
    69  0016                     	;# 
    70  0017                     	;# 
    71  0018                     	;# 
    72  0019                     	;# 
    73  001A                     	;# 
    74  001B                     	;# 
    75  001B                     	;# 
    76  001C                     	;# 
    77  001D                     	;# 
    78  001E                     	;# 
    79  001F                     	;# 
    80  0081                     	;# 
    81  0085                     	;# 
    82  0086                     	;# 
    83  0087                     	;# 
    84  0088                     	;# 
    85  0089                     	;# 
    86  008C                     	;# 
    87  008D                     	;# 
    88  008E                     	;# 
    89  008F                     	;# 
    90  0090                     	;# 
    91  0091                     	;# 
    92  0092                     	;# 
    93  0093                     	;# 
    94  0093                     	;# 
    95  0093                     	;# 
    96  0094                     	;# 
    97  0095                     	;# 
    98  0096                     	;# 
    99  0097                     	;# 
   100  0098                     	;# 
   101  0099                     	;# 
   102  009A                     	;# 
   103  009B                     	;# 
   104  009C                     	;# 
   105  009D                     	;# 
   106  009E                     	;# 
   107  009F                     	;# 
   108  0105                     	;# 
   109  0107                     	;# 
   110  0108                     	;# 
   111  0109                     	;# 
   112  010C                     	;# 
   113  010C                     	;# 
   114  010D                     	;# 
   115  010E                     	;# 
   116  010F                     	;# 
   117  0185                     	;# 
   118  0187                     	;# 
   119  0188                     	;# 
   120  0189                     	;# 
   121  018C                     	;# 
   122  018D                     	;# 
   123  0008                     _PORTDbits	set	8
   124  0007                     _PORTCbits	set	7
   125  0014                     _SSPCONbits	set	20
   126  0008                     _PORTD	set	8
   127  0007                     _PORTC	set	7
   128  0094                     _SSPSTATbits	set	148
   129  0088                     _TRISD	set	136
   130  0087                     _TRISC	set	135
   131  008F                     _OSCCONbits	set	143
   132                           
   133                           ; #config settings
   134  0000                     
   135                           	psect	cinit
   136  0015                     start_initialization:	
   137  0015                     __initialization:	
   138  0015                     end_of_initialization:	
   139                           ;End of C runtime variable initialization code
   140                           
   141  0015                     __end_of__initialization:	
   142  0015  0183               	clrf	3
   143  0016  120A  118A  2819   	ljmp	_main	;jump to C main() function
   144                           
   145                           	psect	cstackCOMMON
   146  0070                     __pcstackCOMMON:	
   147  0070                     ?_main:	
   148  0070                     ?_isr:	
   149                           ; 1 bytes @ 0x0
   150                           
   151  0070                     ??_isr:	
   152                           ; 1 bytes @ 0x0
   153                           
   154                           
   155                           ; 1 bytes @ 0x0
   156  0070                     	ds	4
   157  0074                     ??_main:	
   158  0074                     main@display1:	
   159                           ; 1 bytes @ 0x4
   160                           
   161                           
   162                           ; 1 bytes @ 0x4
   163  0074                     	ds	1
   164  0075                     main@display2:	
   165                           
   166                           ; 1 bytes @ 0x5
   167  0075                     	ds	1
   168                           
   169                           	psect	maintext
   170  0019                     __pmaintext:	
   171 ;;
   172 ;;Main: autosize = 0, tempsize = 0, incstack = 0, save=0
   173 ;;
   174 ;; *************** function _main *****************
   175 ;; Defined at:
   176 ;;		line 21 in file "display.c"
   177 ;; Parameters:    Size  Location     Type
   178 ;;		None
   179 ;; Auto vars:     Size  Location     Type
   180 ;;  display2        1    5[COMMON] struct matric_29
   181 ;;  display1        1    4[COMMON] struct matric_29
   182 ;; Return value:  Size  Location     Type
   183 ;;                  1    wreg      void 
   184 ;; Registers used:
   185 ;;		wreg, status,2, status,0
   186 ;; Tracked objects:
   187 ;;		On entry : B00/0
   188 ;;		On exit  : 0/0
   189 ;;		Unchanged: 0/0
   190 ;; Data sizes:     COMMON   BANK0   BANK1   BANK3   BANK2
   191 ;;      Params:         0       0       0       0       0
   192 ;;      Locals:         2       0       0       0       0
   193 ;;      Temps:          0       0       0       0       0
   194 ;;      Totals:         2       0       0       0       0
   195 ;;Total ram usage:        2 bytes
   196 ;; Hardware stack levels required when called:    1
   197 ;; This function calls:
   198 ;;		Nothing
   199 ;; This function is called by:
   200 ;;		Startup code after reset
   201 ;; This function uses a non-reentrant model
   202 ;;
   203                           
   204                           
   205                           ;psect for function _main
   206  0019                     _main:	
   207                           
   208                           ;display.c: 23: OSCCONbits.IRCF = 0b110;
   209                           
   210                           ;incstack = 0
   211                           ; Regs used in _main: [wreg+status,2+status,0]
   212  0019  1683               	bsf	3,5	;RP0=1, select bank1
   213  001A  1303               	bcf	3,6	;RP1=0, select bank1
   214  001B  080F               	movf	15,w	;volatile
   215  001C  398F               	andlw	-113
   216  001D  3860               	iorlw	96
   217  001E  008F               	movwf	15	;volatile
   218                           
   219                           ;display.c: 25: TRISC = 0;
   220  001F  0187               	clrf	7	;volatile
   221                           
   222                           ;display.c: 26: PORTC = 0;
   223  0020  1283               	bcf	3,5	;RP0=0, select bank0
   224  0021  1303               	bcf	3,6	;RP1=0, select bank0
   225  0022  0187               	clrf	7	;volatile
   226                           
   227                           ;display.c: 28: TRISD = 0;
   228  0023  1683               	bsf	3,5	;RP0=1, select bank1
   229  0024  1303               	bcf	3,6	;RP1=0, select bank1
   230  0025  0188               	clrf	8	;volatile
   231                           
   232                           ;display.c: 29: PORTD = 0;
   233  0026  1283               	bcf	3,5	;RP0=0, select bank0
   234  0027  1303               	bcf	3,6	;RP1=0, select bank0
   235  0028  0188               	clrf	8	;volatile
   236                           
   237                           ;display.c: 31: SSPSTATbits.SMP = 1;
   238  0029  1683               	bsf	3,5	;RP0=1, select bank1
   239  002A  1303               	bcf	3,6	;RP1=0, select bank1
   240  002B  1794               	bsf	20,7	;volatile
   241                           
   242                           ;display.c: 32: SSPSTATbits.CKE = 1;
   243  002C  1714               	bsf	20,6	;volatile
   244                           
   245                           ;display.c: 34: SSPCONbits.SSPM = 0b0000;
   246  002D  30F0               	movlw	-16
   247  002E  1283               	bcf	3,5	;RP0=0, select bank0
   248  002F  1303               	bcf	3,6	;RP1=0, select bank0
   249  0030  0594               	andwf	20,f	;volatile
   250                           
   251                           ;display.c: 36: SSPCONbits.CKP = 0;
   252  0031  1214               	bcf	20,4	;volatile
   253                           
   254                           ;display.c: 37: SSPCONbits.SSPEN = 1;
   255  0032  1694               	bsf	20,5	;volatile
   256                           
   257                           ;display.c: 40: struct matric_29 display1;
   258                           ;display.c: 41: struct matric_29 display2;
   259                           ;display.c: 43: display1.bl = PORTCbits.RC6;
   260  0033  1174               	bcf	main@display1,2
   261  0034  1B07               	btfsc	7,6	;volatile
   262  0035  1574               	bsf	main@display1,2
   263                           
   264                           ;display.c: 44: display1.rst = PORTCbits.RC2;
   265  0036  1074               	bcf	main@display1,0
   266  0037  1283               	bcf	3,5	;RP0=0, select bank0
   267  0038  1303               	bcf	3,6	;RP1=0, select bank0
   268  0039  1907               	btfsc	7,2	;volatile
   269  003A  1474               	bsf	main@display1,0
   270                           
   271                           ;display.c: 45: display1.ce = PORTCbits.RC4;
   272  003B  10F4               	bcf	main@display1,1
   273  003C  1283               	bcf	3,5	;RP0=0, select bank0
   274  003D  1303               	bcf	3,6	;RP1=0, select bank0
   275  003E  1A07               	btfsc	7,4	;volatile
   276  003F  14F4               	bsf	main@display1,1
   277                           
   278                           ;display.c: 47: display2.bl = PORTDbits.RD6;
   279  0040  1175               	bcf	main@display2,2
   280  0041  1283               	bcf	3,5	;RP0=0, select bank0
   281  0042  1303               	bcf	3,6	;RP1=0, select bank0
   282  0043  1B08               	btfsc	8,6	;volatile
   283  0044  1575               	bsf	main@display2,2
   284                           
   285                           ;display.c: 48: display2.rst = PORTDbits.RD2;
   286  0045  1075               	bcf	main@display2,0
   287  0046  1283               	bcf	3,5	;RP0=0, select bank0
   288  0047  1303               	bcf	3,6	;RP1=0, select bank0
   289  0048  1908               	btfsc	8,2	;volatile
   290  0049  1475               	bsf	main@display2,0
   291                           
   292                           ;display.c: 49: display2.ce = PORTDbits.RD4;
   293  004A  10F5               	bcf	main@display2,1
   294  004B  1283               	bcf	3,5	;RP0=0, select bank0
   295  004C  1303               	bcf	3,6	;RP1=0, select bank0
   296  004D  1A08               	btfsc	8,4	;volatile
   297  004E  14F5               	bsf	main@display2,1
   298  004F                     l23:	
   299                           ;display.c: 51: while(1)
   300                           
   301                           
   302                           ;display.c: 52: {
   303  004F  284F               	goto	l23
   304  0050                     __end_of_main:	
   305                           
   306                           	psect	text1
   307  0050                     __ptext1:	
   308 ;; *************** function _isr *****************
   309 ;; Defined at:
   310 ;;		line 57 in file "display.c"
   311 ;; Parameters:    Size  Location     Type
   312 ;;		None
   313 ;; Auto vars:     Size  Location     Type
   314 ;;		None
   315 ;; Return value:  Size  Location     Type
   316 ;;                  1    wreg      void 
   317 ;; Registers used:
   318 ;;		None
   319 ;; Tracked objects:
   320 ;;		On entry : 0/0
   321 ;;		On exit  : 0/0
   322 ;;		Unchanged: 0/0
   323 ;; Data sizes:     COMMON   BANK0   BANK1   BANK3   BANK2
   324 ;;      Params:         0       0       0       0       0
   325 ;;      Locals:         0       0       0       0       0
   326 ;;      Temps:          4       0       0       0       0
   327 ;;      Totals:         4       0       0       0       0
   328 ;;Total ram usage:        4 bytes
   329 ;; Hardware stack levels used:    1
   330 ;; This function calls:
   331 ;;		Nothing
   332 ;; This function is called by:
   333 ;;		Interrupt level 1
   334 ;; This function uses a non-reentrant model
   335 ;;
   336                           
   337                           
   338                           ;psect for function _isr
   339  0050                     _isr:	
   340  0050  0873               	movf	??_isr+3,w
   341  0051  00FF               	movwf	127
   342  0052  0872               	movf	??_isr+2,w
   343  0053  008A               	movwf	10
   344  0054  0871               	movf	??_isr+1,w
   345  0055  0084               	movwf	4
   346  0056  0E70               	swapf	??_isr^(0+-128),w
   347  0057  0083               	movwf	3
   348  0058  0EFE               	swapf	126,f
   349  0059  0E7E               	swapf	126,w
   350  005A  0009               	retfie
   351  005B                     __end_of_isr:	
   352  007E                     btemp	set	126	;btemp
   353  007E                     wtemp0	set	126
   354                           
   355                           	psect	intentry
   356  0004                     __pintentry:	
   357                           ;incstack = 0
   358                           ; Regs used in _isr: []
   359                           
   360  0004                     interrupt_function:	
   361  007E                     saved_w	set	btemp
   362  0004  00FE               	movwf	btemp
   363  0005  0E03               	swapf	3,w
   364  0006  00F0               	movwf	??_isr
   365  0007  0804               	movf	4,w
   366  0008  00F1               	movwf	??_isr+1
   367  0009  080A               	movf	10,w
   368  000A  00F2               	movwf	??_isr+2
   369  000B  1283               	bcf	3,5	;RP0=0, select bank0
   370  000C  1303               	bcf	3,6	;RP1=0, select bank0
   371  000D  087F               	movf	btemp+1,w
   372  000E  00F3               	movwf	??_isr+3
   373  000F  120A  118A  2850   	ljmp	_isr


Data Sizes:
    Strings     0
    Constant    0
    Data        0
    BSS         0
    Persistent  0
    Stack       0

Auto Spaces:
    Space          Size  Autos    Used
    COMMON           14      6       6
    BANK0            80      0       0
    BANK1            80      0       0
    BANK3            96      0       0
    BANK2            96      0       0

Pointer List with Targets:

    None.

Critical Paths under _main in COMMON

    None.

Critical Paths under _isr in COMMON

    None.

Critical Paths under _main in BANK0

    None.

Critical Paths under _isr in BANK0

    None.

Critical Paths under _main in BANK1

    None.

Critical Paths under _isr in BANK1

    None.

Critical Paths under _main in BANK3

    None.

Critical Paths under _isr in BANK3

    None.

Critical Paths under _main in BANK2

    None.

Critical Paths under _isr in BANK2

    None.

Call Graph Tables:

 ---------------------------------------------------------------------------------
 (Depth) Function   	        Calls       Base Space   Used Autos Params    Refs
 ---------------------------------------------------------------------------------
 (0) _main                                                 2     2      0       0
                                              4 COMMON     2     2      0
 ---------------------------------------------------------------------------------
 Estimated maximum stack depth 0
 ---------------------------------------------------------------------------------
 (Depth) Function   	        Calls       Base Space   Used Autos Params    Refs
 ---------------------------------------------------------------------------------
 (1) _isr                                                  4     4      0       0
                                              0 COMMON     4     4      0
 ---------------------------------------------------------------------------------
 Estimated maximum stack depth 1
 ---------------------------------------------------------------------------------

 Call Graph Graphs:

 _main (ROOT)

 _isr (ROOT)

 Address spaces:
Name               Size   Autos  Total    Cost      Usage
BITCOMMON            E      0       0       0        0.0%
EEDATA             100      0       0       0        0.0%
NULL                 0      0       0       0        0.0%
CODE                 0      0       0       0        0.0%
COMMON               E      6       6       1       42.9%
BITSFR0              0      0       0       1        0.0%
SFR0                 0      0       0       1        0.0%
BITSFR1              0      0       0       2        0.0%
SFR1                 0      0       0       2        0.0%
STACK                0      0       0       2        0.0%
ABS                  0      0       0       3        0.0%
BITBANK0            50      0       0       4        0.0%
BITSFR3              0      0       0       4        0.0%
SFR3                 0      0       0       4        0.0%
BANK0               50      0       0       5        0.0%
BITSFR2              0      0       0       5        0.0%
SFR2                 0      0       0       5        0.0%
BITBANK1            50      0       0       6        0.0%
BANK1               50      0       0       7        0.0%
BITBANK3            60      0       0       8        0.0%
BANK3               60      0       0       9        0.0%
BITBANK2            60      0       0      10        0.0%
BANK2               60      0       0      11        0.0%
DATA                 0      0       0      12        0.0%


Microchip Technology PIC Macro Assembler V1.44 build -154322312 
Symbol Table                                                                                   Sat Dec 16 14:07:10 2017

             __CFG_CP$OFF 0000               _SSPSTATbits 0094                        l23 004F  
            __CFG_CPD$OFF 0000                       _isr 0050                       fsr0 0004  
            __CFG_LVP$OFF 0000                      ?_isr 0070              __CFG_WRT$OFF 0000  
                    _main 0019                      btemp 007E                      start 0012  
           __CFG_IESO$OFF 0000                     ??_isr 0070              main@display1 0074  
            main@display2 0075                     ?_main 0070             __CFG_WDTE$OFF 0000  
                   _PORTC 0007                     _PORTD 0008                     _TRISC 0087  
                   _TRISD 0088            __CFG_FCMEN$OFF 0000            __CFG_BOREN$OFF 0000  
                   pclath 000A                     status 0003                     wtemp0 007E  
          __CFG_MCLRE$OFF 0000           __initialization 0015              __end_of_main 0050  
                  ??_main 0074            __CFG_PWRTE$OFF 0000                    saved_w 007E  
 __end_of__initialization 0015            __pcstackCOMMON 0070                __pmaintext 0019  
              __pintentry 0004                   __ptext1 0050              __size_of_isr 000B  
    end_of_initialization 0015                 _PORTCbits 0007                 _PORTDbits 0008  
     start_initialization 0015               __end_of_isr 005B  __CFG_FOSC$INTRC_NOCLKOUT 0000  
               ___latbits 0002         interrupt_function 0004         __CFG_BOR4V$BOR40V 0000  
           __size_of_main 0037                  intlevel1 0000                _OSCCONbits 008F  
              _SSPCONbits 0014  
